#
# There is insufficient memory for the Java Runtime Environment to continue.
# Native memory allocation (mmap) failed to map 134217728 bytes. Error detail: G1 virtual space
# Possible reasons:
#   The system is out of physical RAM or swap space
#   This process is running with CompressedOops enabled, and the Java Heap may be blocking the growth of the native heap
# Possible solutions:
#   Reduce memory load on the system
#   Increase physical memory or swap space
#   Check if swap backing store is full
#   Decrease Java heap size (-Xmx/-Xms)
#   Decrease number of Java threads
#   Decrease Java thread stack sizes (-Xss)
#   Set larger code cache with -XX:ReservedCodeCacheSize=
#   JVM is running with Unscaled Compressed Oops mode in which the Java heap is
#     placed in the first 4GB address space. The Java Heap base address is the
#     maximum limit for the native heap growth. Please use -XX:HeapBaseMinAddress
#     to set the Java Heap base and to place the Java Heap above 4GB virtual address.
# This output file may be truncated or incomplete.
#
#  Out of Memory Error (os_windows.cpp:3815), pid=10804, tid=16044
#
# JRE version:  (21.0.3+13) (build )
# Java VM: OpenJDK 64-Bit Server VM (21.0.3+13-b509.11, mixed mode, sharing, tiered, compressed oops, compressed class ptrs, g1 gc, windows-amd64)
# No core dump will be written. Minidumps are not enabled by default on client versions of Windows
#

---------------  S U M M A R Y ------------

Command Line: -DsslDeferredCaLoading=true -DsslDeferredKeyLoading=true -Djna.boot.library.path=C:\Users\rikku\AppData\Local\Programs\GoLand/lib/jna/amd64 -Djna.nosys=true -Djna.noclasspath=true -Djava.rmi.server.hostname=127.0.0.1 -Duser.timezone=UTC -Xmx2048m -Xms128m -Djdbc.classpath=C:\Users\rikku\AppData\Local\Programs\GoLand\plugins\DatabaseTools\lib\jdbc-console.jar;C:\Users\rikku\AppData\Roaming\JetBrains\GoLand2024.2\jdbc-drivers\MySQL ConnectorJ\8.2.0\com\mysql\mysql-connector-j\8.2.0\mysql-connector-j-8.2.0.jar;C:\Users\rikku\AppData\Roaming\JetBrains\GoLand2024.2\jdbc-drivers\MySQL ConnectorJ\8.2.0\com\google\protobuf\protobuf-java\3.21.9\protobuf-java-3.21.9.jar --add-exports=java.desktop/sun.awt=ALL-UNNAMED --add-exports=java.desktop/java.awt.peer=ALL-UNNAMED --add-opens=java.desktop/java.awt=ALL-UNNAMED --add-opens=jdk.unsupported/sun.misc=ALL-UNNAMED --add-opens=java.base/java.nio=ALL-UNNAMED --add-opens=java.base/java.util=ALL-UNNAMED -Dfile.encoding=UTF-8 -Dsun.stdout.encoding=UTF-8 -Dsun.stderr.encoding=UTF-8 com.intellij.database.remote.RemoteJdbcServer com.mysql.cj.jdbc.Driver

Host: Intel(R) Core(TM) i5-1035G7 CPU @ 1.20GHz, 8 cores, 7G,  Windows 11 , 64 bit Build 22621 (10.0.22621.3958)
Time: Mon Nov  4 20:00:12 2024  Windows 11 , 64 bit Build 22621 (10.0.22621.3958) elapsed time: 0.044421 seconds (0d 0h 0m 0s)

---------------  T H R E A D  ---------------

Current thread (0x0000028409b8e480):  JavaThread "Unknown thread" [_thread_in_vm, id=16044, stack(0x000000cf79700000,0x000000cf79800000) (1024K)]

Stack: [0x000000cf79700000,0x000000cf79800000]
Native frames: (J=compiled Java code, j=interpreted, Vv=VM code, C=native code)
V  [jvm.dll+0x6e02f9]
V  [jvm.dll+0x8bd383]
V  [jvm.dll+0x8bf8de]
V  [jvm.dll+0x8bffc3]
V  [jvm.dll+0x2879c6]
V  [jvm.dll+0x6dcac5]
V  [jvm.dll+0x6d0f9a]
V  [jvm.dll+0x35f9bb]
V  [jvm.dll+0x367566]
V  [jvm.dll+0x3b8b56]
V  [jvm.dll+0x3b8e28]
V  [jvm.dll+0x33217c]
V  [jvm.dll+0x332e6b]
V  [jvm.dll+0x8845e9]
V  [jvm.dll+0x3c5f38]
V  [jvm.dll+0x86d80d]
V  [jvm.dll+0x45ab9e]
V  [jvm.dll+0x45c771]
C  [jli.dll+0x52ab]
C  [ucrtbase.dll+0x29333]
C  [KERNEL32.DLL+0x1257d]
C  [ntdll.dll+0x5af08]


---------------  P R O C E S S  ---------------

Threads class SMR info:
_java_thread_list=0x00007ffcfd60d108, length=0, elements={
}

Java Threads: ( => current thread )
Total: 0

Other Threads:
  0x000002840bce1d00 WorkerThread "GC Thread#0"                     [id=16928, stack(0x000000cf79800000,0x000000cf79900000) (1024K)]
  0x000002840bcf4050 ConcurrentGCThread "G1 Main Marker"            [id=15532, stack(0x000000cf79900000,0x000000cf79a00000) (1024K)]
  0x000002840bcf70b0 WorkerThread "G1 Conc#0"                       [id=13708, stack(0x000000cf79a00000,0x000000cf79b00000) (1024K)]

[error occurred during error reporting (printing all threads), id 0xc0000005, EXCEPTION_ACCESS_VIOLATION (0xc0000005) at pc=0x00007ffcfcd052d7]
VM state: not at safepoint (not fully initialized)

VM Mutex/Monitor currently owned by a thread:  ([mutex/lock_event])
[0x00007ffcfd681858] Heap_lock - owner thread: 0x0000028409b8e480

Heap address: 0x0000000080000000, size: 2048 MB, Compressed Oops mode: 32-bit

CDS archive(s) mapped at: [0x0000000000000000-0x0000000000000000-0x0000000000000000), size 0, SharedBaseAddress: 0x0000000800000000, ArchiveRelocationMode: 1.
Narrow klass base: 0x0000000000000000, Narrow klass shift: 0, Narrow klass range: 0x0

GC Precious Log:
 CardTable entry size: 512
 Card Set container configuration: InlinePtr #cards 5 size 8 Array Of Cards #cards 12 size 40 Howl #buckets 4 coarsen threshold 1843 Howl Bitmap #cards 512 size 80 coarsen threshold 460 Card regions per heap region 1 cards per card region 2048

Heap:
 garbage-first heap   total 0K, used 0K [0x0000000080000000, 0x0000000100000000)
  region size 1024K, 0 young (0K), 0 survivors (0K)
 Metaspace       used 0K, committed 0K, reserved 0K
  class space    used 0K, committed 0K, reserved 0K

Heap Regions: E=young(eden), S=young(survivor), O=old, HS=humongous(starts), HC=humongous(continues), CS=collection set, F=free, TAMS=top-at-mark-start, PB=parsable bottom

Card table byte_map: [0x000002841f2d0000,0x000002841f6d0000] _byte_map_base: 0x000002841eed0000

Marking Bits: (CMBitMap*) 0x000002840bce21b0
 Bits: [0x000002841f6d0000, 0x00000284216d0000)

GC Heap History (0 events):
No events

Dll operation events (1 events):
Event: 0.008 Loaded shared library C:\Users\rikku\AppData\Local\Programs\GoLand\jbr\bin\java.dll

Deoptimization events (0 events):
No events

Classes loaded (0 events):
No events

Classes unloaded (0 events):
No events

Classes redefined (0 events):
No events

Internal exceptions (0 events):
No events

ZGC Phase Switch (0 events):
No events

VM Operations (0 events):
No events

Events (0 events):
No events


Dynamic libraries:
0x00007ff7f2e60000 - 0x00007ff7f2e6a000 	C:\Users\rikku\AppData\Local\Programs\GoLand\jbr\bin\java.exe
0x00007ffd99f70000 - 0x00007ffd9a187000 	C:\WINDOWS\SYSTEM32\ntdll.dll
0x00007ffd98fc0000 - 0x00007ffd99084000 	C:\WINDOWS\System32\KERNEL32.DLL
0x00007ffd977a0000 - 0x00007ffd97b57000 	C:\WINDOWS\System32\KERNELBASE.dll
0x00007ffd97680000 - 0x00007ffd97791000 	C:\WINDOWS\System32\ucrtbase.dll
0x00007ffd5cea0000 - 0x00007ffd5cebb000 	C:\Users\rikku\AppData\Local\Programs\GoLand\jbr\bin\VCRUNTIME140.dll
0x00007ffd69f80000 - 0x00007ffd69f98000 	C:\Users\rikku\AppData\Local\Programs\GoLand\jbr\bin\jli.dll
0x00007ffd993a0000 - 0x00007ffd9954f000 	C:\WINDOWS\System32\USER32.dll
0x00007ffd97350000 - 0x00007ffd97376000 	C:\WINDOWS\System32\win32u.dll
0x00007ffd7b2f0000 - 0x00007ffd7b583000 	C:\WINDOWS\WinSxS\amd64_microsoft.windows.common-controls_6595b64144ccf1df_6.0.22621.3672_none_2713b9d173822955\COMCTL32.dll
0x00007ffd99320000 - 0x00007ffd99349000 	C:\WINDOWS\System32\GDI32.dll
0x00007ffd974f0000 - 0x00007ffd97608000 	C:\WINDOWS\System32\gdi32full.dll
0x00007ffd99090000 - 0x00007ffd99137000 	C:\WINDOWS\System32\msvcrt.dll
0x00007ffd972b0000 - 0x00007ffd9734a000 	C:\WINDOWS\System32\msvcp_win.dll
0x00007ffd98400000 - 0x00007ffd98431000 	C:\WINDOWS\System32\IMM32.DLL
0x00007ffd69ef0000 - 0x00007ffd69efc000 	C:\Users\rikku\AppData\Local\Programs\GoLand\jbr\bin\vcruntime140_1.dll
0x00007ffd16af0000 - 0x00007ffd16b7d000 	C:\Users\rikku\AppData\Local\Programs\GoLand\jbr\bin\msvcp140.dll
0x00007ffcfc9c0000 - 0x00007ffcfd772000 	C:\Users\rikku\AppData\Local\Programs\GoLand\jbr\bin\server\jvm.dll
0x00007ffd981c0000 - 0x00007ffd98272000 	C:\WINDOWS\System32\ADVAPI32.dll
0x00007ffd98ef0000 - 0x00007ffd98f98000 	C:\WINDOWS\System32\sechost.dll
0x00007ffd97280000 - 0x00007ffd972a8000 	C:\WINDOWS\System32\bcrypt.dll
0x00007ffd98090000 - 0x00007ffd981a4000 	C:\WINDOWS\System32\RPCRT4.dll
0x00007ffd99640000 - 0x00007ffd996b1000 	C:\WINDOWS\System32\WS2_32.dll
0x00007ffd97150000 - 0x00007ffd9719d000 	C:\WINDOWS\SYSTEM32\POWRPROF.dll
0x00007ffd8c070000 - 0x00007ffd8c07a000 	C:\WINDOWS\SYSTEM32\VERSION.dll
0x00007ffd8c6a0000 - 0x00007ffd8c6d4000 	C:\WINDOWS\SYSTEM32\WINMM.dll
0x00007ffd97130000 - 0x00007ffd97143000 	C:\WINDOWS\SYSTEM32\UMPDC.dll
0x00007ffd962a0000 - 0x00007ffd962b8000 	C:\WINDOWS\SYSTEM32\kernel.appcore.dll
0x00007ffd69e10000 - 0x00007ffd69e1a000 	C:\Users\rikku\AppData\Local\Programs\GoLand\jbr\bin\jimage.dll
0x00007ffd94c50000 - 0x00007ffd94e82000 	C:\WINDOWS\SYSTEM32\DBGHELP.DLL
0x00007ffd97d00000 - 0x00007ffd9808e000 	C:\WINDOWS\System32\combase.dll
0x00007ffd99560000 - 0x00007ffd99637000 	C:\WINDOWS\System32\OLEAUT32.dll
0x00007ffd7d290000 - 0x00007ffd7d2c2000 	C:\WINDOWS\SYSTEM32\dbgcore.DLL
0x00007ffd97c20000 - 0x00007ffd97c9b000 	C:\WINDOWS\System32\bcryptPrimitives.dll
0x00007ffd1e700000 - 0x00007ffd1e71f000 	C:\Users\rikku\AppData\Local\Programs\GoLand\jbr\bin\java.dll

dbghelp: loaded successfully - version: 4.0.5 - missing functions: none
symbol engine: initialized successfully - sym options: 0x614 - pdb path: .;C:\Users\rikku\AppData\Local\Programs\GoLand\jbr\bin;C:\WINDOWS\SYSTEM32;C:\WINDOWS\WinSxS\amd64_microsoft.windows.common-controls_6595b64144ccf1df_6.0.22621.3672_none_2713b9d173822955;C:\Users\rikku\AppData\Local\Programs\GoLand\jbr\bin\server

VM Arguments:
jvm_args: -DsslDeferredCaLoading=true -DsslDeferredKeyLoading=true -Djna.boot.library.path=C:\Users\rikku\AppData\Local\Programs\GoLand/lib/jna/amd64 -Djna.nosys=true -Djna.noclasspath=true -Djava.rmi.server.hostname=127.0.0.1 -Duser.timezone=UTC -Xmx2048m -Xms128m -Djdbc.classpath=C:\Users\rikku\AppData\Local\Programs\GoLand\plugins\DatabaseTools\lib\jdbc-console.jar;C:\Users\rikku\AppData\Roaming\JetBrains\GoLand2024.2\jdbc-drivers\MySQL ConnectorJ\8.2.0\com\mysql\mysql-connector-j\8.2.0\mysql-connector-j-8.2.0.jar;C:\Users\rikku\AppData\Roaming\JetBrains\GoLand2024.2\jdbc-drivers\MySQL ConnectorJ\8.2.0\com\google\protobuf\protobuf-java\3.21.9\protobuf-java-3.21.9.jar --add-exports=java.desktop/sun.awt=ALL-UNNAMED --add-exports=java.desktop/java.awt.peer=ALL-UNNAMED --add-opens=java.desktop/java.awt=ALL-UNNAMED --add-opens=jdk.unsupported/sun.misc=ALL-UNNAMED --add-opens=java.base/java.nio=ALL-UNNAMED --add-opens=java.base/java.util=ALL-UNNAMED -Dfile.encoding=UTF-8 -Dsun.stdout.encoding=UTF-8 -Dsun.stderr.encoding=UTF-8 
java_command: com.intellij.database.remote.RemoteJdbcServer com.mysql.cj.jdbc.Driver
java_class_path (initial): C:\Users\rikku\AppData\Local\Programs\GoLand\lib\util_rt.jar;C:\Users\rikku\AppData\Local\Programs\GoLand\lib\util-8.jar;C:\Users\rikku\AppData\Local\Programs\GoLand\lib\groovy.jar;C:\Users\rikku\AppData\Local\Programs\GoLand\plugins\DatabaseTools\lib\jdbc-console.jar;C:\Users\rikku\AppData\Local\Programs\GoLand\plugins\grid-core-impl\lib\jdbc-console-types.jar;C:\Users\rikku\AppData\Local\Programs\GoLand\lib\util.jar;C:\Users\rikku\AppData\Local\Programs\GoLand\lib\bouncy-castle.jar
Launcher Type: SUN_STANDARD

[Global flags]
     intx CICompilerCount                          = 4                                         {product} {ergonomic}
     uint ConcGCThreads                            = 2                                         {product} {ergonomic}
     uint G1ConcRefinementThreads                  = 8                                         {product} {ergonomic}
   size_t G1HeapRegionSize                         = 1048576                                   {product} {ergonomic}
    uintx GCDrainStackTargetSize                   = 64                                        {product} {ergonomic}
   size_t InitialHeapSize                          = 134217728                                 {product} {command line}
   size_t MarkStackSize                            = 4194304                                   {product} {ergonomic}
   size_t MaxHeapSize                              = 2147483648                                {product} {command line}
   size_t MinHeapDeltaBytes                        = 1048576                                   {product} {ergonomic}
   size_t MinHeapSize                              = 134217728                                 {product} {command line}
    uintx NonNMethodCodeHeapSize                   = 5839372                                {pd product} {ergonomic}
    uintx NonProfiledCodeHeapSize                  = 122909434                              {pd product} {ergonomic}
    uintx ProfiledCodeHeapSize                     = 122909434                              {pd product} {ergonomic}
    uintx ReservedCodeCacheSize                    = 251658240                              {pd product} {ergonomic}
     bool SegmentedCodeCache                       = true                                      {product} {ergonomic}
   size_t SoftMaxHeapSize                          = 2147483648                             {manageable} {ergonomic}
     bool UseCompressedOops                        = true                           {product lp64_product} {ergonomic}
     bool UseG1GC                                  = true                                      {product} {ergonomic}
     bool UseLargePagesIndividualAllocation        = false                                  {pd product} {ergonomic}

Logging:
Log output configuration:
 #0: stdout all=warning uptime,level,tags foldmultilines=false
 #1: stderr all=off uptime,level,tags foldmultilines=false

Environment Variables:
PATH=C:\WINDOWS\system32;C:\WINDOWS;C:\WINDOWS\System32\Wbem;C:\WINDOWS\System32\WindowsPowerShell\v1.0\;C:\WINDOWS\System32\OpenSSH\;C:\Program Files\MATLAB\R2023a\bin;C:\Program Files\MATLAB\R2022a\bin;C:\Program Files\dotnet\;C:\Program Files\Git\cmd;C:\Program Files\nodejs\;C:\Program Files\Go\bin;C:\Users\rikku\AppData\Local\Programs\Python\Python310\Scripts\;C:\Users\rikku\AppData\Local\Programs\Python\Python310\;C:\Users\rikku\AppData\Local\Microsoft\WindowsApps;C:\texlive\2021\bin\win32;C:\Users\rikku\AppData\Local\Programs\Microsoft VS Code\bin;C:\Users\rikku\AppData\Local\GitHubDesktop\bin;C:\Users\rikku\AppData\Roaming\npm;C:\Users\rikku\AppData\Local\JetBrains\Toolbox\scripts;C:\Users\rikku\go\bin
USERNAME=rikku
OS=Windows_NT
PROCESSOR_IDENTIFIER=Intel64 Family 6 Model 126 Stepping 5, GenuineIntel
TMP=C:\Users\rikku\AppData\Local\Temp
TEMP=C:\Users\rikku\AppData\Local\Temp




Periodic native trim disabled

JNI global refs:
JNI global refs: 0, weak refs: 0

JNI global refs memory usage: 0, weak refs: 0

Process memory usage:
Resident Set Size: 12384K (0% of 7964824K total physical memory with 229376K free physical memory)

OOME stack traces (most recent first):
Classloader memory used:

---------------  S Y S T E M  ---------------

OS:
 Windows 11 , 64 bit Build 22621 (10.0.22621.3958)
OS uptime: 0 days 0:07 hours
Hyper-V role detected

CPU: total 8 (initial active 8) (4 cores per cpu, 2 threads per core) family 6 model 126 stepping 5 microcode 0xbc, cx8, cmov, fxsr, ht, mmx, 3dnowpref, sse, sse2, sse3, ssse3, sse4.1, sse4.2, popcnt, lzcnt, tsc, tscinvbit, avx, avx2, aes, erms, clmul, bmi1, bmi2, adx, avx512f, avx512dq, avx512cd, avx512bw, avx512vl, sha, fma, vzeroupper, avx512_vpopcntdq, avx512_vpclmulqdq, avx512_vaes, avx512_vnni, clflush, clflushopt, avx512_vbmi2, avx512_vbmi, hv, rdtscp, rdpid, fsrm, gfni, avx512_bitalg, f16c, avx512_ifma
Processor Information for all 8 processors :
  Max Mhz: 1498, Current Mhz: 1198, Mhz Limit: 1198

Memory: 4k page, system-wide physical 7778M (223M free)
TotalPageFile size 9815M (AvailPageFile size 58M)
current process WorkingSet (physical memory assigned to process): 12M, peak: 12M
current process commit charge ("private bytes"): 60M, peak: 188M

vm_info: OpenJDK 64-Bit Server VM (21.0.3+13-b509.11) for windows-amd64 JRE (21.0.3+13-b509.11), built on 2024-08-12 by "builduser" with MS VC++ 16.10 / 16.11 (VS2019)

END.
